{
  "stats": {
    "suites": 12,
    "tests": 41,
    "passes": 26,
    "pending": 0,
    "failures": 15,
    "start": "2021-09-12T14:35:33.289Z",
    "end": "2021-09-12T14:36:57.253Z",
    "duration": 83964,
    "testsRegistered": 41,
    "passPercent": 63.41463414634146,
    "pendingPercent": 0,
    "other": 0,
    "hasOther": false,
    "skipped": 0,
    "hasSkipped": false
  },
  "results": [
    {
      "uuid": "8708a7a9-90cc-42d0-9c90-8daed23922e8",
      "title": "",
      "fullFile": "cypress/integration/project.spec.js",
      "file": "cypress/integration/project.spec.js",
      "beforeHooks": [],
      "afterHooks": [],
      "tests": [],
      "suites": [
        {
          "uuid": "d5de6d43-4be8-47c3-b589-f59b1f78faf4",
          "title": "1 - Adicione à página o título \"Paleta de Cores\".",
          "fullFile": "",
          "file": "",
          "beforeHooks": [],
          "afterHooks": [],
          "tests": [
            {
              "title": "Verifica se contém um elemento `h1` com o id `title` com o título correto",
              "fullTitle": "1 - Adicione à página o título \"Paleta de Cores\". Verifica se contém um elemento `h1` com o id `title` com o título correto",
              "timedOut": null,
              "duration": 148,
              "state": "passed",
              "speed": "slow",
              "pass": true,
              "fail": false,
              "pending": false,
              "context": null,
              "code": "cy.get('h1#title').should('contain.text', 'Paleta de Cores');",
              "err": {},
              "uuid": "ac40f457-6422-43bf-8910-68ff88d6b22d",
              "parentUUID": "d5de6d43-4be8-47c3-b589-f59b1f78faf4",
              "isHook": false,
              "skipped": false
            }
          ],
          "suites": [],
          "passes": [
            "ac40f457-6422-43bf-8910-68ff88d6b22d"
          ],
          "failures": [],
          "pending": [],
          "skipped": [],
          "duration": 148,
          "root": false,
          "rootEmpty": false,
          "_timeout": 2000
        },
        {
          "uuid": "ab70bdc5-ec63-4eb0-97dc-481d00d7e5b5",
          "title": "2 - Adicione à página uma paleta de quatro cores distintas.",
          "fullFile": "",
          "file": "",
          "beforeHooks": [],
          "afterHooks": [],
          "tests": [
            {
              "title": "A paleta de cores deve ser um elemento com `id` denominado `color-palette`",
              "fullTitle": "2 - Adicione à página uma paleta de quatro cores distintas. A paleta de cores deve ser um elemento com `id` denominado `color-palette`",
              "timedOut": null,
              "duration": 114,
              "state": "passed",
              "speed": "slow",
              "pass": true,
              "fail": false,
              "pending": false,
              "context": null,
              "code": "cy.get('#color-palette').should('be.visible');\ncy.get('#color-palette').children('.color');",
              "err": {},
              "uuid": "5bc10a1c-0ccb-4c14-8c59-854b6cbc8eb3",
              "parentUUID": "ab70bdc5-ec63-4eb0-97dc-481d00d7e5b5",
              "isHook": false,
              "skipped": false
            },
            {
              "title": "Verifica se cada cor individual da paleta de cores possui a `classe` chamada `color`.",
              "fullTitle": "2 - Adicione à página uma paleta de quatro cores distintas. Verifica se cada cor individual da paleta de cores possui a `classe` chamada `color`.",
              "timedOut": null,
              "duration": 206,
              "state": "passed",
              "speed": "slow",
              "pass": true,
              "fail": false,
              "pending": false,
              "context": null,
              "code": "cy.get('.color').should('have.length', 4).then(function (colors) {\n  for (var i = 0; i < colors.length; i++) {\n    cy.wrap(colors[i]).should('be.visible');\n  }\n});",
              "err": {},
              "uuid": "1011a49d-b2f7-4101-aeec-cc096bea09d9",
              "parentUUID": "ab70bdc5-ec63-4eb0-97dc-481d00d7e5b5",
              "isHook": false,
              "skipped": false
            },
            {
              "title": "Verifica se a cor de fundo de cada elemento da paleta é a cor que o elemento representa. **A única cor não permitida na paleta é a cor branca.**",
              "fullTitle": "2 - Adicione à página uma paleta de quatro cores distintas. Verifica se a cor de fundo de cada elemento da paleta é a cor que o elemento representa. **A única cor não permitida na paleta é a cor branca.**",
              "timedOut": null,
              "duration": 110,
              "state": "passed",
              "speed": "slow",
              "pass": true,
              "fail": false,
              "pending": false,
              "context": null,
              "code": "cy.get('.color').each(function (color) {\n  cy.wrap(color).should('have.class', 'color').and('not.have.css', 'background-color', WHITE);\n  cy.wrap(color).should('have.css', 'background-color');\n});",
              "err": {},
              "uuid": "0e95b263-4a73-46b3-b1f1-91b94be014c2",
              "parentUUID": "ab70bdc5-ec63-4eb0-97dc-481d00d7e5b5",
              "isHook": false,
              "skipped": false
            },
            {
              "title": "Verifica se cada elemento da paleta de cores tem uma borda preta, sólida e com 1 pixel de largura;",
              "fullTitle": "2 - Adicione à página uma paleta de quatro cores distintas. Verifica se cada elemento da paleta de cores tem uma borda preta, sólida e com 1 pixel de largura;",
              "timedOut": null,
              "duration": 4266,
              "state": "failed",
              "speed": null,
              "pass": false,
              "fail": true,
              "pending": false,
              "context": null,
              "code": "cy.get('.color').each(function (color) {\n  cy.wrap(color).and('have.css', 'border', \"1px solid \".concat(BLACK)).and('have.class', 'color');\n});",
              "err": {
                "message": "CypressError: Timed out retrying: expected '<div#black.color.selected>' to have CSS property 'border' with the value '1px solid rgb(0, 0, 0)', but the value was '3px solid rgb(173, 255, 47)'",
                "estack": "CypressError: Timed out retrying: expected '<div#black.color.selected>' to have CSS property 'border' with the value '1px solid rgb(0, 0, 0)', but the value was '3px solid rgb(173, 255, 47)'\n    at cypressErr (http://localhost:39103/__cypress/runner/cypress_runner.js:149934:9)\n    at throwErr (http://localhost:39103/__cypress/runner/cypress_runner.js:149867:11)\n    at Object.throwErrByPath (http://localhost:39103/__cypress/runner/cypress_runner.js:149915:3)\n    at retry (http://localhost:39103/__cypress/runner/cypress_runner.js:144197:19)\n    at onFailFn (http://localhost:39103/__cypress/runner/cypress_runner.js:132448:16)\n    at tryCatcher (http://localhost:39103/__cypress/runner/cypress_runner.js:167415:23)\n    at Promise._settlePromiseFromHandler (http://localhost:39103/__cypress/runner/cypress_runner.js:165351:31)\n    at Promise._settlePromise (http://localhost:39103/__cypress/runner/cypress_runner.js:165408:18)\n    at Promise._settlePromise0 (http://localhost:39103/__cypress/runner/cypress_runner.js:165453:10)\n    at Promise._settlePromises (http://localhost:39103/__cypress/runner/cypress_runner.js:165528:18)\n    at Async../node_modules/bluebird/js/release/async.js.Async._drainQueue (http://localhost:39103/__cypress/runner/cypress_runner.js:162140:16)\n    at Async../node_modules/bluebird/js/release/async.js.Async._drainQueues (http://localhost:39103/__cypress/runner/cypress_runner.js:162150:10)\n    at Async.drainQueues (http://localhost:39103/__cypress/runner/cypress_runner.js:162024:14)",
                "diff": null
              },
              "uuid": "f8213848-8165-4880-b6f6-6d7b75976833",
              "parentUUID": "ab70bdc5-ec63-4eb0-97dc-481d00d7e5b5",
              "isHook": false,
              "skipped": false
            },
            {
              "title": "Verifica se a paleta lista todas as cores disponíveis para utilização, lado a lado.",
              "fullTitle": "2 - Adicione à página uma paleta de quatro cores distintas. Verifica se a paleta lista todas as cores disponíveis para utilização, lado a lado.",
              "timedOut": null,
              "duration": 150,
              "state": "passed",
              "speed": "slow",
              "pass": true,
              "fail": false,
              "pending": false,
              "context": null,
              "code": "cy.get('.color').then(function (colors) {\n  for (var index = 1; index < colors.length; index += 1) {\n    var currentColor = colors[index];\n    var previousColor = colors[index - 1];\n    cy.wrap(currentColor).should('be.onTheRightOf', previousColor).and('be.horizontallyAlignedWith', previousColor);\n  }\n});",
              "err": {},
              "uuid": "e039b23b-1909-4ecf-ad08-fb379d6fbf7a",
              "parentUUID": "ab70bdc5-ec63-4eb0-97dc-481d00d7e5b5",
              "isHook": false,
              "skipped": false
            },
            {
              "title": "Verifica se a paleta de cores está posicionada abaixo do título 'Paleta de Cores'",
              "fullTitle": "2 - Adicione à página uma paleta de quatro cores distintas. Verifica se a paleta de cores está posicionada abaixo do título 'Paleta de Cores'",
              "timedOut": null,
              "duration": 135,
              "state": "passed",
              "speed": "slow",
              "pass": true,
              "fail": false,
              "pending": false,
              "context": null,
              "code": "cy.get('h1#title').then(function (title) {\n  cy.get('#color-palette').should('be.belowOf', title);\n});",
              "err": {},
              "uuid": "335d7de6-7995-4968-be9b-ca7d3cc2f888",
              "parentUUID": "ab70bdc5-ec63-4eb0-97dc-481d00d7e5b5",
              "isHook": false,
              "skipped": false
            },
            {
              "title": "Verifica se a paleta de cores não contém cores repetidas.",
              "fullTitle": "2 - Adicione à página uma paleta de quatro cores distintas. Verifica se a paleta de cores não contém cores repetidas.",
              "timedOut": null,
              "duration": 147,
              "state": "passed",
              "speed": "slow",
              "pass": true,
              "fail": false,
              "pending": false,
              "context": null,
              "code": "cy.get('.color').then(function (colors) {\n  var allColors = Array.from(colors).map(function (color) {\n    return Cypress.$(color).css('background-color');\n  });\n  cy.log(allColors);\n  var uniqColors = (0, _toConsumableArray2[\"default\"])(new Set(allColors));\n  cy.log(uniqColors);\n  expect(allColors.length).to.eq(uniqColors.length);\n});",
              "err": {},
              "uuid": "fbc89c06-cb50-4da0-bfe5-effea3aef8b9",
              "parentUUID": "ab70bdc5-ec63-4eb0-97dc-481d00d7e5b5",
              "isHook": false,
              "skipped": false
            }
          ],
          "suites": [],
          "passes": [
            "5bc10a1c-0ccb-4c14-8c59-854b6cbc8eb3",
            "1011a49d-b2f7-4101-aeec-cc096bea09d9",
            "0e95b263-4a73-46b3-b1f1-91b94be014c2",
            "e039b23b-1909-4ecf-ad08-fb379d6fbf7a",
            "335d7de6-7995-4968-be9b-ca7d3cc2f888",
            "fbc89c06-cb50-4da0-bfe5-effea3aef8b9"
          ],
          "failures": [
            "f8213848-8165-4880-b6f6-6d7b75976833"
          ],
          "pending": [],
          "skipped": [],
          "duration": 5128,
          "root": false,
          "rootEmpty": false,
          "_timeout": 2000
        },
        {
          "uuid": "2a57f69e-6472-43f6-9787-9af6b58be04d",
          "title": "3 - Adicione a cor **preta** como a primeira cor da paleta de cores.",
          "fullFile": "",
          "file": "",
          "beforeHooks": [],
          "afterHooks": [],
          "tests": [
            {
              "title": "Verifica se a primeira cor da paleta é preta",
              "fullTitle": "3 - Adicione a cor **preta** como a primeira cor da paleta de cores. Verifica se a primeira cor da paleta é preta",
              "timedOut": null,
              "duration": 83,
              "state": "passed",
              "speed": "slow",
              "pass": true,
              "fail": false,
              "pending": false,
              "context": null,
              "code": "cy.get('.color').first().should('have.css', 'background-color', BLACK);",
              "err": {},
              "uuid": "713d4bd0-3521-4225-ab53-8e7836ab79eb",
              "parentUUID": "2a57f69e-6472-43f6-9787-9af6b58be04d",
              "isHook": false,
              "skipped": false
            },
            {
              "title": "Verifica se as demais cores podem ser escolhidas livremente.",
              "fullTitle": "3 - Adicione a cor **preta** como a primeira cor da paleta de cores. Verifica se as demais cores podem ser escolhidas livremente.",
              "timedOut": null,
              "duration": 165,
              "state": "passed",
              "speed": "slow",
              "pass": true,
              "fail": false,
              "pending": false,
              "context": null,
              "code": "cy.get('.color').eq(1).should('not.have.css', 'background-color', BLACK);\ncy.get('.color').eq(1).should('not.have.css', 'background-color', WHITE);\ncy.get('.color').eq(1).should('not.have.css', 'background-color', 'rgba(0, 0, 0, 0)');\ncy.get('.color').eq(1).should('have.css', 'background-color');\ncy.get('.color').eq(2).should('not.have.css', 'background-color', BLACK);\ncy.get('.color').eq(2).should('not.have.css', 'background-color', WHITE);\ncy.get('.color').eq(2).should('not.have.css', 'background-color', 'rgba(0, 0, 0, 0)');\ncy.get('.color').eq(2).should('have.css', 'background-color');\ncy.get('.color').eq(3).should('not.have.css', 'background-color', BLACK);\ncy.get('.color').eq(3).should('not.have.css', 'background-color', WHITE);\ncy.get('.color').eq(3).should('not.have.css', 'background-color', 'rgba(0, 0, 0, 0)');\ncy.get('.color').eq(3).should('have.css', 'background-color');",
              "err": {},
              "uuid": "bb27c292-25a8-4aef-aa40-56399ee10fd2",
              "parentUUID": "2a57f69e-6472-43f6-9787-9af6b58be04d",
              "isHook": false,
              "skipped": false
            }
          ],
          "suites": [],
          "passes": [
            "713d4bd0-3521-4225-ab53-8e7836ab79eb",
            "bb27c292-25a8-4aef-aa40-56399ee10fd2"
          ],
          "failures": [],
          "pending": [],
          "skipped": [],
          "duration": 248,
          "root": false,
          "rootEmpty": false,
          "_timeout": 2000
        },
        {
          "uuid": "ffb445a1-e78b-424e-9ab4-e377f83e1da2",
          "title": "4 - Adicione à página um quadro de pixels, com 25 pixels.",
          "fullFile": "",
          "file": "",
          "beforeHooks": [],
          "afterHooks": [],
          "tests": [
            {
              "title": "Verifica se o quadro de pixels possui o `id` denominado `pixel-board`",
              "fullTitle": "4 - Adicione à página um quadro de pixels, com 25 pixels. Verifica se o quadro de pixels possui o `id` denominado `pixel-board`",
              "timedOut": null,
              "duration": 92,
              "state": "passed",
              "speed": "slow",
              "pass": true,
              "fail": false,
              "pending": false,
              "context": null,
              "code": "cy.get('#pixel-board').should('be.visible');",
              "err": {},
              "uuid": "c91f3590-740e-40cf-b7a9-1d0a48903c9a",
              "parentUUID": "ffb445a1-e78b-424e-9ab4-e377f83e1da2",
              "isHook": false,
              "skipped": false
            },
            {
              "title": "Verifica se cada pixel individual dentro do quadro possui a `classe` denominada `pixel`.",
              "fullTitle": "4 - Adicione à página um quadro de pixels, com 25 pixels. Verifica se cada pixel individual dentro do quadro possui a `classe` denominada `pixel`.",
              "timedOut": null,
              "duration": 104,
              "state": "passed",
              "speed": "slow",
              "pass": true,
              "fail": false,
              "pending": false,
              "context": null,
              "code": "cy.get('.pixel').should('have.length', 25);",
              "err": {},
              "uuid": "155fbb31-bf33-4873-968b-9b11e6369f9d",
              "parentUUID": "ffb445a1-e78b-424e-9ab4-e377f83e1da2",
              "isHook": false,
              "skipped": false
            },
            {
              "title": "Verifica se a cor inicial dos pixels dentro do quadro, ao abrir a página, é branca.",
              "fullTitle": "4 - Adicione à página um quadro de pixels, com 25 pixels. Verifica se a cor inicial dos pixels dentro do quadro, ao abrir a página, é branca.",
              "timedOut": null,
              "duration": 128,
              "state": "passed",
              "speed": "slow",
              "pass": true,
              "fail": false,
              "pending": false,
              "context": null,
              "code": "cy.get('.pixel').should('have.length', 25).each(function (pixel) {\n  expect(pixel).to.have.css('background-color', WHITE);\n});",
              "err": {},
              "uuid": "3f043f9d-9423-499d-bea3-ffae9c658a3c",
              "parentUUID": "ffb445a1-e78b-424e-9ab4-e377f83e1da2",
              "isHook": false,
              "skipped": false
            },
            {
              "title": "Verifica se o quadro de pixels aparece abaixo da paleta de cores",
              "fullTitle": "4 - Adicione à página um quadro de pixels, com 25 pixels. Verifica se o quadro de pixels aparece abaixo da paleta de cores",
              "timedOut": null,
              "duration": 112,
              "state": "passed",
              "speed": "slow",
              "pass": true,
              "fail": false,
              "pending": false,
              "context": null,
              "code": "cy.get('#color-palette').then(function (palette) {\n  cy.get('#pixel-board').should('be.belowOf', palette);\n});",
              "err": {},
              "uuid": "10701a43-1f78-418a-921f-2fa4bb9cd2d9",
              "parentUUID": "ffb445a1-e78b-424e-9ab4-e377f83e1da2",
              "isHook": false,
              "skipped": false
            }
          ],
          "suites": [],
          "passes": [
            "c91f3590-740e-40cf-b7a9-1d0a48903c9a",
            "155fbb31-bf33-4873-968b-9b11e6369f9d",
            "3f043f9d-9423-499d-bea3-ffae9c658a3c",
            "10701a43-1f78-418a-921f-2fa4bb9cd2d9"
          ],
          "failures": [],
          "pending": [],
          "skipped": [],
          "duration": 436,
          "root": false,
          "rootEmpty": false,
          "_timeout": 2000
        },
        {
          "uuid": "5876d5ca-53dc-4c1d-af77-31257166698a",
          "title": "5 - Faça com que cada elemento do quadro de pixels possua 40 pixels de largura, 40 pixels de altura e seja delimitado por uma borda preta de 1 pixel.",
          "fullFile": "",
          "file": "",
          "beforeHooks": [],
          "afterHooks": [],
          "tests": [
            {
              "title": "Verifica se o quadro de pixels tem altura e comprimento de 5 elementos",
              "fullTitle": "5 - Faça com que cada elemento do quadro de pixels possua 40 pixels de largura, 40 pixels de altura e seja delimitado por uma borda preta de 1 pixel. Verifica se o quadro de pixels tem altura e comprimento de 5 elementos",
              "timedOut": null,
              "duration": 265,
              "state": "passed",
              "speed": "slow",
              "pass": true,
              "fail": false,
              "pending": false,
              "context": null,
              "code": "cy.get('.pixel').should('have.length', 25).each(function (pixel) {\n  expect(pixel).to.have.css('background-color', WHITE);\n}).and(function (pixels) {\n  var rows = chunk(pixels, 5);\n  rows.forEach(function (row) {\n    for (var index = 1; index < row.length; index += 1) {\n      var current = pixels[index];\n      var previous = pixels[index - 1];\n      cy.wrap(current).should('be.onTheRightOf', previous).and('be.horizontallyAlignedWith', previous);\n    }\n  });\n  for (var index = 1; index < 5; index += 1) {\n    expect(pixels[index * 5]).to.be.belowOf(pixels[(index - 1) * 5]);\n  }\n});",
              "err": {},
              "uuid": "be2a0afb-a519-4b0e-88c8-7de3f05aa0bf",
              "parentUUID": "5876d5ca-53dc-4c1d-af77-31257166698a",
              "isHook": false,
              "skipped": false
            },
            {
              "title": "Verifica se 40 pixels é o tamanho total do elemento, incluindo seu conteúdo e excluindo a borda preta, que deve ser criada à parte.",
              "fullTitle": "5 - Faça com que cada elemento do quadro de pixels possua 40 pixels de largura, 40 pixels de altura e seja delimitado por uma borda preta de 1 pixel. Verifica se 40 pixels é o tamanho total do elemento, incluindo seu conteúdo e excluindo a borda preta, que deve ser criada à parte.",
              "timedOut": null,
              "duration": 257,
              "state": "passed",
              "speed": "slow",
              "pass": true,
              "fail": false,
              "pending": false,
              "context": null,
              "code": "cy.get('.pixel').each(function (pixel) {\n  cy.wrap(pixel).should('have.css', 'height', '40px').and('have.css', 'width', '40px').and('have.css', 'border', \"1px solid \".concat(BLACK));\n});",
              "err": {},
              "uuid": "7bf01b75-3400-4e52-9625-dc0da5316b14",
              "parentUUID": "5876d5ca-53dc-4c1d-af77-31257166698a",
              "isHook": false,
              "skipped": false
            }
          ],
          "suites": [],
          "passes": [
            "be2a0afb-a519-4b0e-88c8-7de3f05aa0bf",
            "7bf01b75-3400-4e52-9625-dc0da5316b14"
          ],
          "failures": [],
          "pending": [],
          "skipped": [],
          "duration": 522,
          "root": false,
          "rootEmpty": false,
          "_timeout": 2000
        },
        {
          "uuid": "2ec2c13f-742f-4f08-8abe-3291ceda14ab",
          "title": "6 - Defina a cor preta como cor inicial. Ao carregar a página a cor preta já deve estar selecionada para pintar os pixels",
          "fullFile": "",
          "file": "",
          "beforeHooks": [],
          "afterHooks": [],
          "tests": [
            {
              "title": "Verifica se o elemento da cor preta possui, inicialmente, a `classe` `selected`",
              "fullTitle": "6 - Defina a cor preta como cor inicial. Ao carregar a página a cor preta já deve estar selecionada para pintar os pixels Verifica se o elemento da cor preta possui, inicialmente, a `classe` `selected`",
              "timedOut": null,
              "duration": 68,
              "state": "passed",
              "speed": "medium",
              "pass": true,
              "fail": false,
              "pending": false,
              "context": null,
              "code": "cy.get('.selected').first().should('have.css', 'background-color', BLACK);",
              "err": {},
              "uuid": "cae743ee-a1a8-46a6-84d6-9abdb0a91f3e",
              "parentUUID": "2ec2c13f-742f-4f08-8abe-3291ceda14ab",
              "isHook": false,
              "skipped": false
            },
            {
              "title": "Verifica se nenhuma outra cor da paleta tem a `classe` `selected`",
              "fullTitle": "6 - Defina a cor preta como cor inicial. Ao carregar a página a cor preta já deve estar selecionada para pintar os pixels Verifica se nenhuma outra cor da paleta tem a `classe` `selected`",
              "timedOut": null,
              "duration": 77,
              "state": "passed",
              "speed": "slow",
              "pass": true,
              "fail": false,
              "pending": false,
              "context": null,
              "code": "cy.get('.color:not(:first-child)').each(function (color) {\n  cy.wrap(color).should('not.have.class', 'selected');\n});",
              "err": {},
              "uuid": "e1ce9e17-55ed-4f22-92dc-b9e1ec3af05a",
              "parentUUID": "2ec2c13f-742f-4f08-8abe-3291ceda14ab",
              "isHook": false,
              "skipped": false
            }
          ],
          "suites": [],
          "passes": [
            "cae743ee-a1a8-46a6-84d6-9abdb0a91f3e",
            "e1ce9e17-55ed-4f22-92dc-b9e1ec3af05a"
          ],
          "failures": [],
          "pending": [],
          "skipped": [],
          "duration": 145,
          "root": false,
          "rootEmpty": false,
          "_timeout": 2000
        },
        {
          "uuid": "a8257db5-86d7-432e-a446-816786488395",
          "title": "7 - Clicar em uma das cores da paleta, faz com que ela seja selecionada e utilizada para preencher os pixels no quadro.",
          "fullFile": "",
          "file": "",
          "beforeHooks": [],
          "afterHooks": [],
          "tests": [
            {
              "title": "Verifica se somente uma cor da paleta de cores tem a classe `selected` de cada vez",
              "fullTitle": "7 - Clicar em uma das cores da paleta, faz com que ela seja selecionada e utilizada para preencher os pixels no quadro. Verifica se somente uma cor da paleta de cores tem a classe `selected` de cada vez",
              "timedOut": null,
              "duration": 482,
              "state": "passed",
              "speed": "slow",
              "pass": true,
              "fail": false,
              "pending": false,
              "context": null,
              "code": "cy.get('.color').each(function (selectedColor, selectedColorIndex) {\n  cy.wrap(selectedColor).click();\n  cy.get('.color').each(function (color, colorIndex) {\n    if (colorIndex === selectedColorIndex) {\n      expect(color).to.have[\"class\"]('selected');\n    } else {\n      expect(color).not.to.have[\"class\"]('selected');\n    }\n  });\n});",
              "err": {},
              "uuid": "94efeb4d-f1b3-402f-abe0-c40d902c024c",
              "parentUUID": "a8257db5-86d7-432e-a446-816786488395",
              "isHook": false,
              "skipped": false
            },
            {
              "title": "Verifica se os pixels dentro do quadro não têm a classe `selected` quando são clicados",
              "fullTitle": "7 - Clicar em uma das cores da paleta, faz com que ela seja selecionada e utilizada para preencher os pixels no quadro. Verifica se os pixels dentro do quadro não têm a classe `selected` quando são clicados",
              "timedOut": null,
              "duration": 8677,
              "state": "passed",
              "speed": "slow",
              "pass": true,
              "fail": false,
              "pending": false,
              "context": null,
              "code": "cy.get('.color').each(function (color) {\n  var backgroundColor = color.css('background-color');\n  cy.wrap(color).click();\n  cy.get('.pixel').each(function (pixel) {\n    cy.wrap(pixel).click().should('not.have.class', 'selected');\n  });\n});",
              "err": {},
              "uuid": "cee28a67-3bb3-4136-9893-daaf22156cb5",
              "parentUUID": "a8257db5-86d7-432e-a446-816786488395",
              "isHook": false,
              "skipped": false
            }
          ],
          "suites": [],
          "passes": [
            "94efeb4d-f1b3-402f-abe0-c40d902c024c",
            "cee28a67-3bb3-4136-9893-daaf22156cb5"
          ],
          "failures": [],
          "pending": [],
          "skipped": [],
          "duration": 9159,
          "root": false,
          "rootEmpty": false,
          "_timeout": 2000
        },
        {
          "uuid": "ddf1ac7b-0b72-4ce3-a1e8-1a7053f3124c",
          "title": "8 - Clicar em um pixel dentro do quadro após selecionar uma cor na paleta, faz com que o pixel seja preenchido com a cor selecionada.",
          "fullFile": "",
          "file": "",
          "beforeHooks": [],
          "afterHooks": [],
          "tests": [
            {
              "title": "Verifica se ao carregar a página deve ser possível pintar os pixels de preto",
              "fullTitle": "8 - Clicar em um pixel dentro do quadro após selecionar uma cor na paleta, faz com que o pixel seja preenchido com a cor selecionada. Verifica se ao carregar a página deve ser possível pintar os pixels de preto",
              "timedOut": null,
              "duration": 2148,
              "state": "passed",
              "speed": "slow",
              "pass": true,
              "fail": false,
              "pending": false,
              "context": null,
              "code": "cy.get('.pixel').each(function (pixel) {\n  cy.wrap(pixel).click().should('have.css', 'background-color', BLACK);\n});",
              "err": {},
              "uuid": "58e0d7a8-1d1f-4f90-b35d-0c6180e884ba",
              "parentUUID": "ddf1ac7b-0b72-4ce3-a1e8-1a7053f3124c",
              "isHook": false,
              "skipped": false
            },
            {
              "title": "Verifica se após selecionar uma outra cor na paleta, é possível pintar os pixels com essa cor",
              "fullTitle": "8 - Clicar em um pixel dentro do quadro após selecionar uma cor na paleta, faz com que o pixel seja preenchido com a cor selecionada. Verifica se após selecionar uma outra cor na paleta, é possível pintar os pixels com essa cor",
              "timedOut": null,
              "duration": 8600,
              "state": "passed",
              "speed": "slow",
              "pass": true,
              "fail": false,
              "pending": false,
              "context": null,
              "code": "cy.get('.color').each(function (color) {\n  var backgroundColor = color.css('background-color');\n  cy.wrap(color).click();\n  cy.get('.pixel').each(function (pixel) {\n    cy.wrap(pixel).click().should('have.css', 'background-color', backgroundColor);\n  });\n});",
              "err": {},
              "uuid": "1ef75aa0-5792-4717-a2af-f4eff86eee4d",
              "parentUUID": "ddf1ac7b-0b72-4ce3-a1e8-1a7053f3124c",
              "isHook": false,
              "skipped": false
            },
            {
              "title": "Verifica se somente o pixel que foi clicado foi preenchido com a cor selecionada, sem influenciar na cor dos demais pixels.",
              "fullTitle": "8 - Clicar em um pixel dentro do quadro após selecionar uma cor na paleta, faz com que o pixel seja preenchido com a cor selecionada. Verifica se somente o pixel que foi clicado foi preenchido com a cor selecionada, sem influenciar na cor dos demais pixels.",
              "timedOut": null,
              "duration": 1275,
              "state": "passed",
              "speed": "slow",
              "pass": true,
              "fail": false,
              "pending": false,
              "context": null,
              "code": "var colorToPixelIndexMap = {\n  0: 6,\n  1: 8,\n  2: 16,\n  3: 18\n};\ncy.get('.color').each(function (color, index) {\n  cy.wrap(color).click();\n  var backgroundColor = color.css('background-color');\n  var clickedPixelIndex = colorToPixelIndexMap[index];\n  cy.get('.pixel').eq(clickedPixelIndex).click();\n  cy.get('.pixel').eq(clickedPixelIndex - 1).should('not.have.css', 'background-color', backgroundColor);\n  cy.get('.pixel').eq(clickedPixelIndex + 1).should('not.have.css', 'background-color', backgroundColor);\n  cy.get('.pixel').eq(clickedPixelIndex - 5).should('not.have.css', 'background-color', backgroundColor);\n  cy.get('.pixel').eq(clickedPixelIndex + 5).should('not.have.css', 'background-color', backgroundColor);\n  cy.get('.pixel').eq(clickedPixelIndex - 6).should('not.have.css', 'background-color', backgroundColor);\n  cy.get('.pixel').eq(clickedPixelIndex - 4).should('not.have.css', 'background-color', backgroundColor);\n  cy.get('.pixel').eq(clickedPixelIndex + 4).should('not.have.css', 'background-color', backgroundColor);\n  cy.get('.pixel').eq(clickedPixelIndex + 6).should('not.have.css', 'background-color', backgroundColor);\n});",
              "err": {},
              "uuid": "19d03206-0437-4a37-a915-93f7e1142332",
              "parentUUID": "ddf1ac7b-0b72-4ce3-a1e8-1a7053f3124c",
              "isHook": false,
              "skipped": false
            }
          ],
          "suites": [],
          "passes": [
            "58e0d7a8-1d1f-4f90-b35d-0c6180e884ba",
            "1ef75aa0-5792-4717-a2af-f4eff86eee4d",
            "19d03206-0437-4a37-a915-93f7e1142332"
          ],
          "failures": [],
          "pending": [],
          "skipped": [],
          "duration": 12023,
          "root": false,
          "rootEmpty": false,
          "_timeout": 2000
        },
        {
          "uuid": "ede9ee7d-302b-41aa-a2bb-e8d3e52df04c",
          "title": "9 - Crie um botão que, ao ser clicado, limpa o quadro preenchendo a cor de todos seus pixels com branco.",
          "fullFile": "",
          "file": "",
          "beforeHooks": [],
          "afterHooks": [],
          "tests": [
            {
              "title": "Verifica se o botão tem o `id` denominado `clear-board`",
              "fullTitle": "9 - Crie um botão que, ao ser clicado, limpa o quadro preenchendo a cor de todos seus pixels com branco. Verifica se o botão tem o `id` denominado `clear-board`",
              "timedOut": null,
              "duration": 124,
              "state": "passed",
              "speed": "slow",
              "pass": true,
              "fail": false,
              "pending": false,
              "context": null,
              "code": "cy.get('#clear-board').should('be.visible');",
              "err": {},
              "uuid": "2b89374b-39a9-46ac-8740-5640165433a7",
              "parentUUID": "ede9ee7d-302b-41aa-a2bb-e8d3e52df04c",
              "isHook": false,
              "skipped": false
            },
            {
              "title": "Verifica se o botão está posicionado entre a paleta de cores e o quadro de pixels",
              "fullTitle": "9 - Crie um botão que, ao ser clicado, limpa o quadro preenchendo a cor de todos seus pixels com branco. Verifica se o botão está posicionado entre a paleta de cores e o quadro de pixels",
              "timedOut": null,
              "duration": 76,
              "state": "passed",
              "speed": "slow",
              "pass": true,
              "fail": false,
              "pending": false,
              "context": null,
              "code": "cy.get('#color-palette').then(function (palette) {\n  cy.get('#clear-board').should('be.belowOf', palette);\n});\ncy.get('#clear-board').then(function (clearBtn) {\n  cy.get('#pixel-board').should('be.belowOf', clearBtn);\n});",
              "err": {},
              "uuid": "9f4a01bc-21d2-4119-9b37-c0a9cd844650",
              "parentUUID": "ede9ee7d-302b-41aa-a2bb-e8d3e52df04c",
              "isHook": false,
              "skipped": false
            },
            {
              "title": "Verifica se o texto do botão é 'Limpar'",
              "fullTitle": "9 - Crie um botão que, ao ser clicado, limpa o quadro preenchendo a cor de todos seus pixels com branco. Verifica se o texto do botão é 'Limpar'",
              "timedOut": null,
              "duration": 57,
              "state": "passed",
              "speed": "medium",
              "pass": true,
              "fail": false,
              "pending": false,
              "context": null,
              "code": "cy.get('#clear-board').should('contain.text', 'Limpar');",
              "err": {},
              "uuid": "cbbf37c6-e989-41e9-9f57-527869c0c9b4",
              "parentUUID": "ede9ee7d-302b-41aa-a2bb-e8d3e52df04c",
              "isHook": false,
              "skipped": false
            },
            {
              "title": "Verifica se ao clicar no botão, o quadro de pixels é totalmente preenchido de branco",
              "fullTitle": "9 - Crie um botão que, ao ser clicado, limpa o quadro preenchendo a cor de todos seus pixels com branco. Verifica se ao clicar no botão, o quadro de pixels é totalmente preenchido de branco",
              "timedOut": null,
              "duration": 2304,
              "state": "passed",
              "speed": "slow",
              "pass": true,
              "fail": false,
              "pending": false,
              "context": null,
              "code": "cy.get('.color').eq(1).then(function (color) {\n  var backgroundColor = color.css('background-color');\n  cy.wrap(color).click();\n  cy.get('.pixel').each(function (pixel) {\n    cy.wrap(pixel).click().should('have.css', 'background-color', backgroundColor);\n  });\n});\ncy.get('#clear-board').click();\ncy.get('.pixel').each(function (pixel) {\n  cy.wrap(pixel).should('have.css', 'background-color', WHITE);\n});",
              "err": {},
              "uuid": "34d300e6-2266-40be-abb6-c0480f284efa",
              "parentUUID": "ede9ee7d-302b-41aa-a2bb-e8d3e52df04c",
              "isHook": false,
              "skipped": false
            }
          ],
          "suites": [],
          "passes": [
            "2b89374b-39a9-46ac-8740-5640165433a7",
            "9f4a01bc-21d2-4119-9b37-c0a9cd844650",
            "cbbf37c6-e989-41e9-9f57-527869c0c9b4",
            "34d300e6-2266-40be-abb6-c0480f284efa"
          ],
          "failures": [],
          "pending": [],
          "skipped": [],
          "duration": 2561,
          "root": false,
          "rootEmpty": false,
          "_timeout": 2000
        },
        {
          "uuid": "13bf229c-0015-4005-94ce-587bc651feda",
          "title": "10 - Faça o quadro de pixels ter seu tamanho definido pelo usuário.",
          "fullFile": "",
          "file": "",
          "beforeHooks": [],
          "afterHooks": [],
          "tests": [
            {
              "title": "Verifica se existe um input com o id `board-size`",
              "fullTitle": "10 - Faça o quadro de pixels ter seu tamanho definido pelo usuário. Verifica se existe um input com o id `board-size`",
              "timedOut": null,
              "duration": 4293,
              "state": "failed",
              "speed": null,
              "pass": false,
              "fail": true,
              "pending": false,
              "context": null,
              "code": "cy.get('#board-size').should('be.visible');",
              "err": {
                "message": "CypressError: Timed out retrying: Expected to find element: '#board-size', but never found it.",
                "estack": "CypressError: Timed out retrying: Expected to find element: '#board-size', but never found it.\n    at cypressErr (http://localhost:39103/__cypress/runner/cypress_runner.js:149934:9)\n    at throwErr (http://localhost:39103/__cypress/runner/cypress_runner.js:149867:11)\n    at Object.throwErrByPath (http://localhost:39103/__cypress/runner/cypress_runner.js:149915:3)\n    at retry (http://localhost:39103/__cypress/runner/cypress_runner.js:144197:19)\n    at onFailFn (http://localhost:39103/__cypress/runner/cypress_runner.js:132448:16)\n    at tryCatcher (http://localhost:39103/__cypress/runner/cypress_runner.js:167415:23)\n    at Promise._settlePromiseFromHandler (http://localhost:39103/__cypress/runner/cypress_runner.js:165351:31)\n    at Promise._settlePromise (http://localhost:39103/__cypress/runner/cypress_runner.js:165408:18)\n    at Promise._settlePromise0 (http://localhost:39103/__cypress/runner/cypress_runner.js:165453:10)\n    at Promise._settlePromises (http://localhost:39103/__cypress/runner/cypress_runner.js:165528:18)\n    at Async../node_modules/bluebird/js/release/async.js.Async._drainQueue (http://localhost:39103/__cypress/runner/cypress_runner.js:162140:16)\n    at Async../node_modules/bluebird/js/release/async.js.Async._drainQueues (http://localhost:39103/__cypress/runner/cypress_runner.js:162150:10)\n    at Async.drainQueues (http://localhost:39103/__cypress/runner/cypress_runner.js:162024:14)",
                "diff": null
              },
              "uuid": "76b342b3-ac26-4505-b5a8-490956e6ff7e",
              "parentUUID": "13bf229c-0015-4005-94ce-587bc651feda",
              "isHook": false,
              "skipped": false
            },
            {
              "title": "Verifica se existe um botão com o id `generate-board`",
              "fullTitle": "10 - Faça o quadro de pixels ter seu tamanho definido pelo usuário. Verifica se existe um botão com o id `generate-board`",
              "timedOut": null,
              "duration": 4297,
              "state": "failed",
              "speed": null,
              "pass": false,
              "fail": true,
              "pending": false,
              "context": null,
              "code": "cy.get('#generate-board').should('be.visible');",
              "err": {
                "message": "CypressError: Timed out retrying: Expected to find element: '#generate-board', but never found it.",
                "estack": "CypressError: Timed out retrying: Expected to find element: '#generate-board', but never found it.\n    at cypressErr (http://localhost:39103/__cypress/runner/cypress_runner.js:149934:9)\n    at throwErr (http://localhost:39103/__cypress/runner/cypress_runner.js:149867:11)\n    at Object.throwErrByPath (http://localhost:39103/__cypress/runner/cypress_runner.js:149915:3)\n    at retry (http://localhost:39103/__cypress/runner/cypress_runner.js:144197:19)\n    at onFailFn (http://localhost:39103/__cypress/runner/cypress_runner.js:132448:16)\n    at tryCatcher (http://localhost:39103/__cypress/runner/cypress_runner.js:167415:23)\n    at Promise._settlePromiseFromHandler (http://localhost:39103/__cypress/runner/cypress_runner.js:165351:31)\n    at Promise._settlePromise (http://localhost:39103/__cypress/runner/cypress_runner.js:165408:18)\n    at Promise._settlePromise0 (http://localhost:39103/__cypress/runner/cypress_runner.js:165453:10)\n    at Promise._settlePromises (http://localhost:39103/__cypress/runner/cypress_runner.js:165528:18)\n    at Async../node_modules/bluebird/js/release/async.js.Async._drainQueue (http://localhost:39103/__cypress/runner/cypress_runner.js:162140:16)\n    at Async../node_modules/bluebird/js/release/async.js.Async._drainQueues (http://localhost:39103/__cypress/runner/cypress_runner.js:162150:10)\n    at Async.drainQueues (http://localhost:39103/__cypress/runner/cypress_runner.js:162024:14)",
                "diff": null
              },
              "uuid": "1ac645d5-a3c4-497e-9c67-f8bdc7596114",
              "parentUUID": "13bf229c-0015-4005-94ce-587bc651feda",
              "isHook": false,
              "skipped": false
            },
            {
              "title": "Verifica se o input só aceita número maiores que zero. Essa restrição deve ser feita usando os atributos do elemento `input`",
              "fullTitle": "10 - Faça o quadro de pixels ter seu tamanho definido pelo usuário. Verifica se o input só aceita número maiores que zero. Essa restrição deve ser feita usando os atributos do elemento `input`",
              "timedOut": null,
              "duration": 4350,
              "state": "failed",
              "speed": null,
              "pass": false,
              "fail": true,
              "pending": false,
              "context": null,
              "code": "cy.get('#board-size[type=\\'number\\'][min=\\'1\\']');",
              "err": {
                "message": "CypressError: Timed out retrying: Expected to find element: '#board-size[type='number'][min='1']', but never found it.",
                "estack": "CypressError: Timed out retrying: Expected to find element: '#board-size[type='number'][min='1']', but never found it.\n    at cypressErr (http://localhost:39103/__cypress/runner/cypress_runner.js:149934:9)\n    at throwErr (http://localhost:39103/__cypress/runner/cypress_runner.js:149867:11)\n    at Object.throwErrByPath (http://localhost:39103/__cypress/runner/cypress_runner.js:149915:3)\n    at retry (http://localhost:39103/__cypress/runner/cypress_runner.js:144197:19)\n    at onFailFn (http://localhost:39103/__cypress/runner/cypress_runner.js:132448:16)\n    at tryCatcher (http://localhost:39103/__cypress/runner/cypress_runner.js:167415:23)\n    at Promise._settlePromiseFromHandler (http://localhost:39103/__cypress/runner/cypress_runner.js:165351:31)\n    at Promise._settlePromise (http://localhost:39103/__cypress/runner/cypress_runner.js:165408:18)\n    at Promise._settlePromise0 (http://localhost:39103/__cypress/runner/cypress_runner.js:165453:10)\n    at Promise._settlePromises (http://localhost:39103/__cypress/runner/cypress_runner.js:165528:18)\n    at Async../node_modules/bluebird/js/release/async.js.Async._drainQueue (http://localhost:39103/__cypress/runner/cypress_runner.js:162140:16)\n    at Async../node_modules/bluebird/js/release/async.js.Async._drainQueues (http://localhost:39103/__cypress/runner/cypress_runner.js:162150:10)\n    at Async.drainQueues (http://localhost:39103/__cypress/runner/cypress_runner.js:162024:14)",
                "diff": null
              },
              "uuid": "14545ead-966e-4ea5-a7aa-ba185456b5ed",
              "parentUUID": "13bf229c-0015-4005-94ce-587bc651feda",
              "isHook": false,
              "skipped": false
            },
            {
              "title": "Verifica se o botão contém o texto 'VQV'",
              "fullTitle": "10 - Faça o quadro de pixels ter seu tamanho definido pelo usuário. Verifica se o botão contém o texto 'VQV'",
              "timedOut": null,
              "duration": 4273,
              "state": "failed",
              "speed": null,
              "pass": false,
              "fail": true,
              "pending": false,
              "context": null,
              "code": "cy.get('#generate-board').contains(/vqv/i);",
              "err": {
                "message": "CypressError: Timed out retrying: Expected to find element: '#generate-board', but never found it.",
                "estack": "CypressError: Timed out retrying: Expected to find element: '#generate-board', but never found it.\n    at cypressErr (http://localhost:39103/__cypress/runner/cypress_runner.js:149934:9)\n    at throwErr (http://localhost:39103/__cypress/runner/cypress_runner.js:149867:11)\n    at Object.throwErrByPath (http://localhost:39103/__cypress/runner/cypress_runner.js:149915:3)\n    at retry (http://localhost:39103/__cypress/runner/cypress_runner.js:144197:19)\n    at onFailFn (http://localhost:39103/__cypress/runner/cypress_runner.js:132448:16)\n    at tryCatcher (http://localhost:39103/__cypress/runner/cypress_runner.js:167415:23)\n    at Promise._settlePromiseFromHandler (http://localhost:39103/__cypress/runner/cypress_runner.js:165351:31)\n    at Promise._settlePromise (http://localhost:39103/__cypress/runner/cypress_runner.js:165408:18)\n    at Promise._settlePromise0 (http://localhost:39103/__cypress/runner/cypress_runner.js:165453:10)\n    at Promise._settlePromises (http://localhost:39103/__cypress/runner/cypress_runner.js:165528:18)\n    at Async../node_modules/bluebird/js/release/async.js.Async._drainQueue (http://localhost:39103/__cypress/runner/cypress_runner.js:162140:16)\n    at Async../node_modules/bluebird/js/release/async.js.Async._drainQueues (http://localhost:39103/__cypress/runner/cypress_runner.js:162150:10)\n    at Async.drainQueues (http://localhost:39103/__cypress/runner/cypress_runner.js:162024:14)",
                "diff": null
              },
              "uuid": "5b1ac29f-8a27-4644-8b6b-6f0399a691a9",
              "parentUUID": "13bf229c-0015-4005-94ce-587bc651feda",
              "isHook": false,
              "skipped": false
            },
            {
              "title": "Verifica se o input está posicionado entre a paleta de cores e o quadro de pixels",
              "fullTitle": "10 - Faça o quadro de pixels ter seu tamanho definido pelo usuário. Verifica se o input está posicionado entre a paleta de cores e o quadro de pixels",
              "timedOut": null,
              "duration": 4342,
              "state": "failed",
              "speed": null,
              "pass": false,
              "fail": true,
              "pending": false,
              "context": null,
              "code": "cy.get('#color-palette').then(function (palette) {\n  cy.get('#board-size').should('be.belowOf', palette);\n});\ncy.get('#board-size').then(function (palette) {\n  cy.get('#pixel-board').should('be.belowOf', palette);\n});",
              "err": {
                "message": "CypressError: Timed out retrying: Expected to find element: '#board-size', but never found it.",
                "estack": "CypressError: Timed out retrying: Expected to find element: '#board-size', but never found it.\n    at cypressErr (http://localhost:39103/__cypress/runner/cypress_runner.js:149934:9)\n    at throwErr (http://localhost:39103/__cypress/runner/cypress_runner.js:149867:11)\n    at Object.throwErrByPath (http://localhost:39103/__cypress/runner/cypress_runner.js:149915:3)\n    at retry (http://localhost:39103/__cypress/runner/cypress_runner.js:144197:19)\n    at onFailFn (http://localhost:39103/__cypress/runner/cypress_runner.js:132448:16)\n    at tryCatcher (http://localhost:39103/__cypress/runner/cypress_runner.js:167415:23)\n    at Promise._settlePromiseFromHandler (http://localhost:39103/__cypress/runner/cypress_runner.js:165351:31)\n    at Promise._settlePromise (http://localhost:39103/__cypress/runner/cypress_runner.js:165408:18)\n    at Promise._settlePromise0 (http://localhost:39103/__cypress/runner/cypress_runner.js:165453:10)\n    at Promise._settlePromises (http://localhost:39103/__cypress/runner/cypress_runner.js:165528:18)\n    at Async../node_modules/bluebird/js/release/async.js.Async._drainQueue (http://localhost:39103/__cypress/runner/cypress_runner.js:162140:16)\n    at Async../node_modules/bluebird/js/release/async.js.Async._drainQueues (http://localhost:39103/__cypress/runner/cypress_runner.js:162150:10)\n    at Async.drainQueues (http://localhost:39103/__cypress/runner/cypress_runner.js:162024:14)",
                "diff": null
              },
              "uuid": "cfd985a7-9c0e-479f-9211-480061c3a511",
              "parentUUID": "13bf229c-0015-4005-94ce-587bc651feda",
              "isHook": false,
              "skipped": false
            },
            {
              "title": "Verifica se o botão está posicionado ao lado do input",
              "fullTitle": "10 - Faça o quadro de pixels ter seu tamanho definido pelo usuário. Verifica se o botão está posicionado ao lado do input",
              "timedOut": null,
              "duration": 4270,
              "state": "failed",
              "speed": null,
              "pass": false,
              "fail": true,
              "pending": false,
              "context": null,
              "code": "cy.get('#board-size').then(function (board) {\n  cy.get('#generate-board').should('be.onTheRightOf', board);\n});",
              "err": {
                "message": "CypressError: Timed out retrying: Expected to find element: '#board-size', but never found it.",
                "estack": "CypressError: Timed out retrying: Expected to find element: '#board-size', but never found it.\n    at cypressErr (http://localhost:39103/__cypress/runner/cypress_runner.js:149934:9)\n    at throwErr (http://localhost:39103/__cypress/runner/cypress_runner.js:149867:11)\n    at Object.throwErrByPath (http://localhost:39103/__cypress/runner/cypress_runner.js:149915:3)\n    at retry (http://localhost:39103/__cypress/runner/cypress_runner.js:144197:19)\n    at onFailFn (http://localhost:39103/__cypress/runner/cypress_runner.js:132448:16)\n    at tryCatcher (http://localhost:39103/__cypress/runner/cypress_runner.js:167415:23)\n    at Promise._settlePromiseFromHandler (http://localhost:39103/__cypress/runner/cypress_runner.js:165351:31)\n    at Promise._settlePromise (http://localhost:39103/__cypress/runner/cypress_runner.js:165408:18)\n    at Promise._settlePromise0 (http://localhost:39103/__cypress/runner/cypress_runner.js:165453:10)\n    at Promise._settlePromises (http://localhost:39103/__cypress/runner/cypress_runner.js:165528:18)\n    at Async../node_modules/bluebird/js/release/async.js.Async._drainQueue (http://localhost:39103/__cypress/runner/cypress_runner.js:162140:16)\n    at Async../node_modules/bluebird/js/release/async.js.Async._drainQueues (http://localhost:39103/__cypress/runner/cypress_runner.js:162150:10)\n    at Async.drainQueues (http://localhost:39103/__cypress/runner/cypress_runner.js:162024:14)",
                "diff": null
              },
              "uuid": "1abb8d5d-d840-4844-a329-af6bbe7c1c60",
              "parentUUID": "13bf229c-0015-4005-94ce-587bc651feda",
              "isHook": false,
              "skipped": false
            },
            {
              "title": "Verifica se nenhum valor for colocado no input ao clicar no botão, um `alert` é exibido com o texto: 'Board inválido!'",
              "fullTitle": "10 - Faça o quadro de pixels ter seu tamanho definido pelo usuário. Verifica se nenhum valor for colocado no input ao clicar no botão, um `alert` é exibido com o texto: 'Board inválido!'",
              "timedOut": null,
              "duration": 4297,
              "state": "failed",
              "speed": null,
              "pass": false,
              "fail": true,
              "pending": false,
              "context": null,
              "code": "var alerted = false;\ncy.on('window:alert', function (msg) {\n  return alerted = msg;\n});\ncy.get('#generate-board').click().then(function () {\n  return expect(alerted).to.match(/Board inválido!/i);\n});",
              "err": {
                "message": "CypressError: Timed out retrying: Expected to find element: '#generate-board', but never found it.",
                "estack": "CypressError: Timed out retrying: Expected to find element: '#generate-board', but never found it.\n    at cypressErr (http://localhost:39103/__cypress/runner/cypress_runner.js:149934:9)\n    at throwErr (http://localhost:39103/__cypress/runner/cypress_runner.js:149867:11)\n    at Object.throwErrByPath (http://localhost:39103/__cypress/runner/cypress_runner.js:149915:3)\n    at retry (http://localhost:39103/__cypress/runner/cypress_runner.js:144197:19)\n    at onFailFn (http://localhost:39103/__cypress/runner/cypress_runner.js:132448:16)\n    at tryCatcher (http://localhost:39103/__cypress/runner/cypress_runner.js:167415:23)\n    at Promise._settlePromiseFromHandler (http://localhost:39103/__cypress/runner/cypress_runner.js:165351:31)\n    at Promise._settlePromise (http://localhost:39103/__cypress/runner/cypress_runner.js:165408:18)\n    at Promise._settlePromise0 (http://localhost:39103/__cypress/runner/cypress_runner.js:165453:10)\n    at Promise._settlePromises (http://localhost:39103/__cypress/runner/cypress_runner.js:165528:18)\n    at Async../node_modules/bluebird/js/release/async.js.Async._drainQueue (http://localhost:39103/__cypress/runner/cypress_runner.js:162140:16)\n    at Async../node_modules/bluebird/js/release/async.js.Async._drainQueues (http://localhost:39103/__cypress/runner/cypress_runner.js:162150:10)\n    at Async.drainQueues (http://localhost:39103/__cypress/runner/cypress_runner.js:162024:14)",
                "diff": null
              },
              "uuid": "32ba88b1-b2ae-4606-916c-b9e865c4b3cf",
              "parentUUID": "13bf229c-0015-4005-94ce-587bc651feda",
              "isHook": false,
              "skipped": false
            },
            {
              "title": "Verifica se ao clicar no botão com um valor preenchido, o tamanho do board muda.",
              "fullTitle": "10 - Faça o quadro de pixels ter seu tamanho definido pelo usuário. Verifica se ao clicar no botão com um valor preenchido, o tamanho do board muda.",
              "timedOut": null,
              "duration": 4247,
              "state": "failed",
              "speed": null,
              "pass": false,
              "fail": true,
              "pending": false,
              "context": null,
              "code": "cy.get('#board-size').clear().type(10);\ncy.get('#generate-board').click();\ncy.get('.pixel').should('have.length', 100);",
              "err": {
                "message": "CypressError: Timed out retrying: Expected to find element: '#board-size', but never found it.",
                "estack": "CypressError: Timed out retrying: Expected to find element: '#board-size', but never found it.\n    at cypressErr (http://localhost:39103/__cypress/runner/cypress_runner.js:149934:9)\n    at throwErr (http://localhost:39103/__cypress/runner/cypress_runner.js:149867:11)\n    at Object.throwErrByPath (http://localhost:39103/__cypress/runner/cypress_runner.js:149915:3)\n    at retry (http://localhost:39103/__cypress/runner/cypress_runner.js:144197:19)\n    at onFailFn (http://localhost:39103/__cypress/runner/cypress_runner.js:132448:16)\n    at tryCatcher (http://localhost:39103/__cypress/runner/cypress_runner.js:167415:23)\n    at Promise._settlePromiseFromHandler (http://localhost:39103/__cypress/runner/cypress_runner.js:165351:31)\n    at Promise._settlePromise (http://localhost:39103/__cypress/runner/cypress_runner.js:165408:18)\n    at Promise._settlePromise0 (http://localhost:39103/__cypress/runner/cypress_runner.js:165453:10)\n    at Promise._settlePromises (http://localhost:39103/__cypress/runner/cypress_runner.js:165528:18)\n    at Async../node_modules/bluebird/js/release/async.js.Async._drainQueue (http://localhost:39103/__cypress/runner/cypress_runner.js:162140:16)\n    at Async../node_modules/bluebird/js/release/async.js.Async._drainQueues (http://localhost:39103/__cypress/runner/cypress_runner.js:162150:10)\n    at Async.drainQueues (http://localhost:39103/__cypress/runner/cypress_runner.js:162024:14)",
                "diff": null
              },
              "uuid": "dfc8ca7c-a74d-45ae-a9e9-84cecd065a21",
              "parentUUID": "13bf229c-0015-4005-94ce-587bc651feda",
              "isHook": false,
              "skipped": false
            },
            {
              "title": "Verifica se o novo quadro tem todos os pixels preenchidos com a cor branca",
              "fullTitle": "10 - Faça o quadro de pixels ter seu tamanho definido pelo usuário. Verifica se o novo quadro tem todos os pixels preenchidos com a cor branca",
              "timedOut": null,
              "duration": 4269,
              "state": "failed",
              "speed": null,
              "pass": false,
              "fail": true,
              "pending": false,
              "context": null,
              "code": "cy.get('#board-size').clear().type(6);\ncy.get('#generate-board').click();\ncy.get('.pixel').should('have.length', 36).each(function (pixel) {\n  expect(pixel).to.have.css('background-color', WHITE);\n});",
              "err": {
                "message": "CypressError: Timed out retrying: Expected to find element: '#board-size', but never found it.",
                "estack": "CypressError: Timed out retrying: Expected to find element: '#board-size', but never found it.\n    at cypressErr (http://localhost:39103/__cypress/runner/cypress_runner.js:149934:9)\n    at throwErr (http://localhost:39103/__cypress/runner/cypress_runner.js:149867:11)\n    at Object.throwErrByPath (http://localhost:39103/__cypress/runner/cypress_runner.js:149915:3)\n    at retry (http://localhost:39103/__cypress/runner/cypress_runner.js:144197:19)\n    at onFailFn (http://localhost:39103/__cypress/runner/cypress_runner.js:132448:16)\n    at tryCatcher (http://localhost:39103/__cypress/runner/cypress_runner.js:167415:23)\n    at Promise._settlePromiseFromHandler (http://localhost:39103/__cypress/runner/cypress_runner.js:165351:31)\n    at Promise._settlePromise (http://localhost:39103/__cypress/runner/cypress_runner.js:165408:18)\n    at Promise._settlePromise0 (http://localhost:39103/__cypress/runner/cypress_runner.js:165453:10)\n    at Promise._settlePromises (http://localhost:39103/__cypress/runner/cypress_runner.js:165528:18)\n    at Async../node_modules/bluebird/js/release/async.js.Async._drainQueue (http://localhost:39103/__cypress/runner/cypress_runner.js:162140:16)\n    at Async../node_modules/bluebird/js/release/async.js.Async._drainQueues (http://localhost:39103/__cypress/runner/cypress_runner.js:162150:10)\n    at Async.drainQueues (http://localhost:39103/__cypress/runner/cypress_runner.js:162024:14)",
                "diff": null
              },
              "uuid": "ca264d7e-7eb4-409c-9d9f-9e6f33cb8ed3",
              "parentUUID": "13bf229c-0015-4005-94ce-587bc651feda",
              "isHook": false,
              "skipped": false
            }
          ],
          "suites": [],
          "passes": [],
          "failures": [
            "76b342b3-ac26-4505-b5a8-490956e6ff7e",
            "1ac645d5-a3c4-497e-9c67-f8bdc7596114",
            "14545ead-966e-4ea5-a7aa-ba185456b5ed",
            "5b1ac29f-8a27-4644-8b6b-6f0399a691a9",
            "cfd985a7-9c0e-479f-9211-480061c3a511",
            "1abb8d5d-d840-4844-a329-af6bbe7c1c60",
            "32ba88b1-b2ae-4606-916c-b9e865c4b3cf",
            "dfc8ca7c-a74d-45ae-a9e9-84cecd065a21",
            "ca264d7e-7eb4-409c-9d9f-9e6f33cb8ed3"
          ],
          "pending": [],
          "skipped": [],
          "duration": 38638,
          "root": false,
          "rootEmpty": false,
          "_timeout": 2000
        },
        {
          "uuid": "a5028993-9350-4157-8c00-fc2041919523",
          "title": "11 - Limite o tamanho mínimo e máximo do board.",
          "fullFile": "",
          "file": "",
          "beforeHooks": [],
          "afterHooks": [],
          "tests": [
            {
              "title": "Verifica se a altura máxima do board é 50",
              "fullTitle": "11 - Limite o tamanho mínimo e máximo do board. Verifica se a altura máxima do board é 50",
              "timedOut": null,
              "duration": 4303,
              "state": "failed",
              "speed": null,
              "pass": false,
              "fail": true,
              "pending": false,
              "context": null,
              "code": "cy.get('#board-size').clear().type(50);\ncy.get('#generate-board').click();\ncy.get('.pixel').should('have.length', 2500);",
              "err": {
                "message": "CypressError: Timed out retrying: Expected to find element: '#board-size', but never found it.",
                "estack": "CypressError: Timed out retrying: Expected to find element: '#board-size', but never found it.\n    at cypressErr (http://localhost:39103/__cypress/runner/cypress_runner.js:149934:9)\n    at throwErr (http://localhost:39103/__cypress/runner/cypress_runner.js:149867:11)\n    at Object.throwErrByPath (http://localhost:39103/__cypress/runner/cypress_runner.js:149915:3)\n    at retry (http://localhost:39103/__cypress/runner/cypress_runner.js:144197:19)\n    at onFailFn (http://localhost:39103/__cypress/runner/cypress_runner.js:132448:16)\n    at tryCatcher (http://localhost:39103/__cypress/runner/cypress_runner.js:167415:23)\n    at Promise._settlePromiseFromHandler (http://localhost:39103/__cypress/runner/cypress_runner.js:165351:31)\n    at Promise._settlePromise (http://localhost:39103/__cypress/runner/cypress_runner.js:165408:18)\n    at Promise._settlePromise0 (http://localhost:39103/__cypress/runner/cypress_runner.js:165453:10)\n    at Promise._settlePromises (http://localhost:39103/__cypress/runner/cypress_runner.js:165528:18)\n    at Async../node_modules/bluebird/js/release/async.js.Async._drainQueue (http://localhost:39103/__cypress/runner/cypress_runner.js:162140:16)\n    at Async../node_modules/bluebird/js/release/async.js.Async._drainQueues (http://localhost:39103/__cypress/runner/cypress_runner.js:162150:10)\n    at Async.drainQueues (http://localhost:39103/__cypress/runner/cypress_runner.js:162024:14)",
                "diff": null
              },
              "uuid": "3991f76e-4f7b-422a-8893-a76d3af3ef08",
              "parentUUID": "a5028993-9350-4157-8c00-fc2041919523",
              "isHook": false,
              "skipped": false
            },
            {
              "title": "Verifica se a altura do board é 5 quando um valor menor é colocado no input",
              "fullTitle": "11 - Limite o tamanho mínimo e máximo do board. Verifica se a altura do board é 5 quando um valor menor é colocado no input",
              "timedOut": null,
              "duration": 4331,
              "state": "failed",
              "speed": null,
              "pass": false,
              "fail": true,
              "pending": false,
              "context": null,
              "code": "cy.get('#board-size').clear().type(4);\ncy.get('#generate-board').click();\ncy.get('.pixel').should('have.length', 25);",
              "err": {
                "message": "CypressError: Timed out retrying: Expected to find element: '#board-size', but never found it.",
                "estack": "CypressError: Timed out retrying: Expected to find element: '#board-size', but never found it.\n    at cypressErr (http://localhost:39103/__cypress/runner/cypress_runner.js:149934:9)\n    at throwErr (http://localhost:39103/__cypress/runner/cypress_runner.js:149867:11)\n    at Object.throwErrByPath (http://localhost:39103/__cypress/runner/cypress_runner.js:149915:3)\n    at retry (http://localhost:39103/__cypress/runner/cypress_runner.js:144197:19)\n    at onFailFn (http://localhost:39103/__cypress/runner/cypress_runner.js:132448:16)\n    at tryCatcher (http://localhost:39103/__cypress/runner/cypress_runner.js:167415:23)\n    at Promise._settlePromiseFromHandler (http://localhost:39103/__cypress/runner/cypress_runner.js:165351:31)\n    at Promise._settlePromise (http://localhost:39103/__cypress/runner/cypress_runner.js:165408:18)\n    at Promise._settlePromise0 (http://localhost:39103/__cypress/runner/cypress_runner.js:165453:10)\n    at Promise._settlePromises (http://localhost:39103/__cypress/runner/cypress_runner.js:165528:18)\n    at Async../node_modules/bluebird/js/release/async.js.Async._drainQueue (http://localhost:39103/__cypress/runner/cypress_runner.js:162140:16)\n    at Async../node_modules/bluebird/js/release/async.js.Async._drainQueues (http://localhost:39103/__cypress/runner/cypress_runner.js:162150:10)\n    at Async.drainQueues (http://localhost:39103/__cypress/runner/cypress_runner.js:162024:14)",
                "diff": null
              },
              "uuid": "a99c0585-54f9-434b-a09d-a8a51028cf71",
              "parentUUID": "a5028993-9350-4157-8c00-fc2041919523",
              "isHook": false,
              "skipped": false
            },
            {
              "title": "Verifica se a altura do board é 50 quando um valor maior é colocado no input",
              "fullTitle": "11 - Limite o tamanho mínimo e máximo do board. Verifica se a altura do board é 50 quando um valor maior é colocado no input",
              "timedOut": null,
              "duration": 4365,
              "state": "failed",
              "speed": null,
              "pass": false,
              "fail": true,
              "pending": false,
              "context": null,
              "code": "cy.get('#board-size').clear().type(51);\ncy.get('#generate-board').click();\ncy.get('.pixel').should('have.length', 2500);",
              "err": {
                "message": "CypressError: Timed out retrying: Expected to find element: '#board-size', but never found it.",
                "estack": "CypressError: Timed out retrying: Expected to find element: '#board-size', but never found it.\n    at cypressErr (http://localhost:39103/__cypress/runner/cypress_runner.js:149934:9)\n    at throwErr (http://localhost:39103/__cypress/runner/cypress_runner.js:149867:11)\n    at Object.throwErrByPath (http://localhost:39103/__cypress/runner/cypress_runner.js:149915:3)\n    at retry (http://localhost:39103/__cypress/runner/cypress_runner.js:144197:19)\n    at onFailFn (http://localhost:39103/__cypress/runner/cypress_runner.js:132448:16)\n    at tryCatcher (http://localhost:39103/__cypress/runner/cypress_runner.js:167415:23)\n    at Promise._settlePromiseFromHandler (http://localhost:39103/__cypress/runner/cypress_runner.js:165351:31)\n    at Promise._settlePromise (http://localhost:39103/__cypress/runner/cypress_runner.js:165408:18)\n    at Promise._settlePromise0 (http://localhost:39103/__cypress/runner/cypress_runner.js:165453:10)\n    at Promise._settlePromises (http://localhost:39103/__cypress/runner/cypress_runner.js:165528:18)\n    at Async../node_modules/bluebird/js/release/async.js.Async._drainQueue (http://localhost:39103/__cypress/runner/cypress_runner.js:162140:16)\n    at Async../node_modules/bluebird/js/release/async.js.Async._drainQueues (http://localhost:39103/__cypress/runner/cypress_runner.js:162150:10)\n    at Async.drainQueues (http://localhost:39103/__cypress/runner/cypress_runner.js:162024:14)",
                "diff": null
              },
              "uuid": "14347692-bf28-45e5-9bf2-2438e3612134",
              "parentUUID": "a5028993-9350-4157-8c00-fc2041919523",
              "isHook": false,
              "skipped": false
            }
          ],
          "suites": [],
          "passes": [],
          "failures": [
            "3991f76e-4f7b-422a-8893-a76d3af3ef08",
            "a99c0585-54f9-434b-a09d-a8a51028cf71",
            "14347692-bf28-45e5-9bf2-2438e3612134"
          ],
          "pending": [],
          "skipped": [],
          "duration": 12999,
          "root": false,
          "rootEmpty": false,
          "_timeout": 2000
        },
        {
          "uuid": "e4e114dd-36f3-47cb-a16a-80e11dd2bedd",
          "title": "12 - Faça com que as cores da paleta sejam geradas aleatoriamente ao carregar a página.",
          "fullFile": "",
          "file": "",
          "beforeHooks": [],
          "afterHooks": [],
          "tests": [
            {
              "title": "Verifica se as cores geradas na paleta são diferentes a cada carregamento da página",
              "fullTitle": "12 - Faça com que as cores da paleta sejam geradas aleatoriamente ao carregar a página. Verifica se as cores geradas na paleta são diferentes a cada carregamento da página",
              "timedOut": null,
              "duration": 527,
              "state": "failed",
              "speed": null,
              "pass": false,
              "fail": true,
              "pending": false,
              "context": null,
              "code": "cy.get('.color').then(function (colors) {\n  var currentColors;\n  var previousColors;\n  previousColors = Array.from(colors).map(function (color) {\n    return Cypress.$(color).css('background-color');\n  });\n  for (var i = 0; i < 5; i += 1) {\n    cy.reload();\n    cy.get('.color').then(function (colors) {\n      currentColors = Array.from(colors).map(function (color) {\n        return Cypress.$(color).css('background-color');\n      });\n      expect(currentColors).not.to.deep.equal(previousColors);\n      previousColors = currentColors;\n    });\n  }\n});",
              "err": {
                "message": "AssertionError: expected [ Array(4) ] to not deeply equal [ Array(4) ]",
                "estack": "AssertionError: expected [ Array(4) ] to not deeply equal [ Array(4) ]\n    at getRet (http://localhost:39103/__cypress/runner/cypress_runner.js:136585:16)\n    at tryCatcher (http://localhost:39103/__cypress/runner/cypress_runner.js:167415:23)\n    at Function.Promise.attempt.Promise.try (http://localhost:39103/__cypress/runner/cypress_runner.js:164690:29)\n    at Context.thenFn (http://localhost:39103/__cypress/runner/cypress_runner.js:136599:23)\n    at Context.then (http://localhost:39103/__cypress/runner/cypress_runner.js:136971:21)\n    at Context.<anonymous> (http://localhost:39103/__cypress/runner/cypress_runner.js:148875:21)\n    at http://localhost:39103/__cypress/runner/cypress_runner.js:148351:33\n    at tryCatcher (http://localhost:39103/__cypress/runner/cypress_runner.js:167415:23)\n    at Promise._settlePromiseFromHandler (http://localhost:39103/__cypress/runner/cypress_runner.js:165351:31)\n    at Promise._settlePromise (http://localhost:39103/__cypress/runner/cypress_runner.js:165408:18)\n    at Promise._settlePromiseCtx (http://localhost:39103/__cypress/runner/cypress_runner.js:165445:10)\n    at Async../node_modules/bluebird/js/release/async.js.Async._drainQueue (http://localhost:39103/__cypress/runner/cypress_runner.js:162145:12)\n    at Async../node_modules/bluebird/js/release/async.js.Async._drainQueues (http://localhost:39103/__cypress/runner/cypress_runner.js:162150:10)\n    at Async.drainQueues (http://localhost:39103/__cypress/runner/cypress_runner.js:162024:14)",
                "diff": ""
              },
              "uuid": "4a5357b0-f958-4fb4-af39-accc7f2f4394",
              "parentUUID": "e4e114dd-36f3-47cb-a16a-80e11dd2bedd",
              "isHook": false,
              "skipped": false
            },
            {
              "title": "Verifica se a cor preta ainda está presente e é a primeira na sua paleta de cores",
              "fullTitle": "12 - Faça com que as cores da paleta sejam geradas aleatoriamente ao carregar a página. Verifica se a cor preta ainda está presente e é a primeira na sua paleta de cores",
              "timedOut": null,
              "duration": 495,
              "state": "failed",
              "speed": null,
              "pass": false,
              "fail": true,
              "pending": false,
              "context": null,
              "code": "cy.get('.color').then(function (colors) {\n  var currentColors;\n  var previousColors;\n  previousColors = Array.from(colors).map(function (color) {\n    return Cypress.$(color).css('background-color');\n  });\n  expect(previousColors[0]).to.eq(BLACK);\n  for (var i = 0; i < 5; i += 1) {\n    cy.reload();\n    cy.get('.color').then(function (colors) {\n      currentColors = Array.from(colors).map(function (color) {\n        return Cypress.$(color).css('background-color');\n      });\n      expect(currentColors[0]).to.eq(BLACK);\n      expect(currentColors).not.to.deep.equal(previousColors);\n      previousColors = currentColors;\n    });\n  }\n});",
              "err": {
                "message": "AssertionError: expected [ Array(4) ] to not deeply equal [ Array(4) ]",
                "estack": "AssertionError: expected [ Array(4) ] to not deeply equal [ Array(4) ]\n    at getRet (http://localhost:39103/__cypress/runner/cypress_runner.js:136585:16)\n    at tryCatcher (http://localhost:39103/__cypress/runner/cypress_runner.js:167415:23)\n    at Function.Promise.attempt.Promise.try (http://localhost:39103/__cypress/runner/cypress_runner.js:164690:29)\n    at Context.thenFn (http://localhost:39103/__cypress/runner/cypress_runner.js:136599:23)\n    at Context.then (http://localhost:39103/__cypress/runner/cypress_runner.js:136971:21)\n    at Context.<anonymous> (http://localhost:39103/__cypress/runner/cypress_runner.js:148875:21)\n    at http://localhost:39103/__cypress/runner/cypress_runner.js:148351:33\n    at tryCatcher (http://localhost:39103/__cypress/runner/cypress_runner.js:167415:23)\n    at Promise._settlePromiseFromHandler (http://localhost:39103/__cypress/runner/cypress_runner.js:165351:31)\n    at Promise._settlePromise (http://localhost:39103/__cypress/runner/cypress_runner.js:165408:18)\n    at Promise._settlePromiseCtx (http://localhost:39103/__cypress/runner/cypress_runner.js:165445:10)\n    at Async../node_modules/bluebird/js/release/async.js.Async._drainQueue (http://localhost:39103/__cypress/runner/cypress_runner.js:162145:12)\n    at Async../node_modules/bluebird/js/release/async.js.Async._drainQueues (http://localhost:39103/__cypress/runner/cypress_runner.js:162150:10)\n    at Async.drainQueues (http://localhost:39103/__cypress/runner/cypress_runner.js:162024:14)",
                "diff": ""
              },
              "uuid": "629530be-7a91-48c4-96f9-d501c8f11438",
              "parentUUID": "e4e114dd-36f3-47cb-a16a-80e11dd2bedd",
              "isHook": false,
              "skipped": false
            }
          ],
          "suites": [],
          "passes": [],
          "failures": [
            "4a5357b0-f958-4fb4-af39-accc7f2f4394",
            "629530be-7a91-48c4-96f9-d501c8f11438"
          ],
          "pending": [],
          "skipped": [],
          "duration": 1022,
          "root": false,
          "rootEmpty": false,
          "_timeout": 2000
        }
      ],
      "passes": [],
      "failures": [],
      "pending": [],
      "skipped": [],
      "duration": 0,
      "root": true,
      "rootEmpty": true,
      "_timeout": 2000
    }
  ],
  "meta": {
    "mocha": {
      "version": "7.0.1"
    },
    "mochawesome": {
      "options": {
        "quiet": false,
        "reportFilename": "mochawesome",
        "saveHtml": false,
        "saveJson": true,
        "consoleReporter": "spec",
        "useInlineDiffs": false
      },
      "version": "4.1.0"
    },
    "marge": {
      "options": {
        "id": "default",
        "reportDir": "cypress/reports",
        "overwrite": true,
        "html": false,
        "json": true
      },
      "version": "4.1.0"
    }
  }
}